<?xml version="1.0" encoding="UTF-8"?>
<testsuite name="com.example.springboot_test1.SpringbootTest1ApplicationTests" tests="1" skipped="0" failures="0" errors="0" timestamp="2024-10-07T06:18:39" hostname="503-31" time="0.337">
  <properties/>
  <testcase name="contextLoads()" classname="com.example.springboot_test1.SpringbootTest1ApplicationTests" time="0.337"/>
  <system-out><![CDATA[15:18:37.379 [Test worker] INFO org.springframework.test.context.support.AnnotationConfigContextLoaderUtils -- Could not detect default configuration classes for test class [com.example.springboot_test1.SpringbootTest1ApplicationTests]: SpringbootTest1ApplicationTests does not declare any static, non-private, non-final, nested classes annotated with @Configuration.
15:18:37.439 [Test worker] INFO org.springframework.boot.test.context.SpringBootTestContextBootstrapper -- Found @SpringBootConfiguration com.example.springboot_test1.SpringbootTest1Application for test class com.example.springboot_test1.SpringbootTest1ApplicationTests

  .   ____          _            __ _ _
 /\\ / ___'_ __ _ _(_)_ __  __ _ \ \ \ \
( ( )\___ | '_ | '_| | '_ \/ _` | \ \ \ \
 \\/  ___)| |_)| | | | | || (_| |  ) ) ) )
  '  |____| .__|_| |_|_| |_\__, | / / / /
 =========|_|==============|___/=/_/_/_/

 :: Spring Boot ::                (v3.3.4)

2024-10-07T15:18:37.674+09:00  INFO 18148 --- [springboot_test1] [    Test worker] c.e.s.SpringbootTest1ApplicationTests    : Starting SpringbootTest1ApplicationTests using Java 21.0.4 with PID 18148 (started by sunmoon in C:\Users\sunmoon\IdeaProjects\springboot_test1)
2024-10-07T15:18:37.675+09:00  INFO 18148 --- [springboot_test1] [    Test worker] c.e.s.SpringbootTest1ApplicationTests    : No active profile set, falling back to 1 default profile: "default"
2024-10-07T15:18:38.025+09:00  INFO 18148 --- [springboot_test1] [    Test worker] .s.d.r.c.RepositoryConfigurationDelegate : Bootstrapping Spring Data JPA repositories in DEFAULT mode.
2024-10-07T15:18:38.039+09:00  INFO 18148 --- [springboot_test1] [    Test worker] .s.d.r.c.RepositoryConfigurationDelegate : Finished Spring Data repository scanning in 8 ms. Found 0 JPA repository interfaces.
2024-10-07T15:18:38.265+09:00  INFO 18148 --- [springboot_test1] [    Test worker] com.zaxxer.hikari.HikariDataSource       : HikariPool-1 - Starting...
2024-10-07T15:18:38.372+09:00  INFO 18148 --- [springboot_test1] [    Test worker] com.zaxxer.hikari.pool.HikariPool        : HikariPool-1 - Added connection conn0: url=jdbc:h2:mem:testdb user=SA
2024-10-07T15:18:38.373+09:00  INFO 18148 --- [springboot_test1] [    Test worker] com.zaxxer.hikari.HikariDataSource       : HikariPool-1 - Start completed.
2024-10-07T15:18:38.409+09:00  INFO 18148 --- [springboot_test1] [    Test worker] o.hibernate.jpa.internal.util.LogHelper  : HHH000204: Processing PersistenceUnitInfo [name: default]
2024-10-07T15:18:38.453+09:00  INFO 18148 --- [springboot_test1] [    Test worker] org.hibernate.Version                    : HHH000412: Hibernate ORM core version 6.5.3.Final
2024-10-07T15:18:38.474+09:00  INFO 18148 --- [springboot_test1] [    Test worker] o.h.c.internal.RegionFactoryInitiator    : HHH000026: Second-level cache disabled
2024-10-07T15:18:38.686+09:00  INFO 18148 --- [springboot_test1] [    Test worker] o.s.o.j.p.SpringPersistenceUnitInfo      : No LoadTimeWeaver setup: ignoring JPA class transformer
2024-10-07T15:18:38.915+09:00  INFO 18148 --- [springboot_test1] [    Test worker] o.h.e.t.j.p.i.JtaPlatformInitiator       : HHH000489: No JTA platform available (set 'hibernate.transaction.jta.platform' to enable JTA platform integration)
2024-10-07T15:18:38.918+09:00  INFO 18148 --- [springboot_test1] [    Test worker] j.LocalContainerEntityManagerFactoryBean : Initialized JPA EntityManagerFactory for persistence unit 'default'
2024-10-07T15:18:39.025+09:00  WARN 18148 --- [springboot_test1] [    Test worker] JpaBaseConfiguration$JpaWebConfiguration : spring.jpa.open-in-view is enabled by default. Therefore, database queries may be performed during view rendering. Explicitly configure spring.jpa.open-in-view to disable this warning
2024-10-07T15:18:39.044+09:00  INFO 18148 --- [springboot_test1] [    Test worker] o.s.b.a.w.s.WelcomePageHandlerMapping    : Adding welcome page: class path resource [static/index.html]
2024-10-07T15:18:39.283+09:00  INFO 18148 --- [springboot_test1] [    Test worker] o.s.b.a.h2.H2ConsoleAutoConfiguration    : H2 console available at '/h2-console'. Database available at 'jdbc:h2:mem:testdb'
2024-10-07T15:18:39.322+09:00  INFO 18148 --- [springboot_test1] [    Test worker] c.e.s.SpringbootTest1ApplicationTests    : Started SpringbootTest1ApplicationTests in 1.775 seconds (process running for 2.477)
]]></system-out>
  <system-err><![CDATA[WARNING: A Java agent has been loaded dynamically (C:\Users\sunmoon\.gradle\caches\modules-2\files-2.1\net.bytebuddy\byte-buddy-agent\1.14.19\154da3a65b4f4a909d3e5bdec55d1b2b4cbb6ce1\byte-buddy-agent-1.14.19.jar)
WARNING: If a serviceability tool is in use, please run with -XX:+EnableDynamicAgentLoading to hide this warning
WARNING: If a serviceability tool is not in use, please run with -Djdk.instrument.traceUsage for more information
WARNING: Dynamic loading of agents will be disallowed by default in a future release
]]></system-err>
</testsuite>
